<?xml version="1.0" encoding="UTF-8"?>
<!-- Generated by org.testng.reporters.JUnitReportReporter -->
<testsuite hostname="jyotiranjan-ltm.internal.salesforce.com" failures="0" tests="2" name="testng.TestSubject" time="0.005" errors="0" timestamp="2020-09-09T20:22:43 IST" skipped="0">
  <testcase classname="testng.TestSubject" name="testMergeStrings" time="0.004"/>
  <system-out/>
  <testcase classname="testng.TestSubject" name="testMergeStringsWithDash" time="0.001"/>
  <system-out/>
</testsuite> <!-- testng.TestSubject -->
