<?xml version="1.0" encoding="UTF-8"?>
<!-- Generated by org.testng.reporters.JUnitReportReporter -->
<testsuite hostname="jyotiranjan-ltm.internal.salesforce.com" failures="0" tests="4" name="nip.TestMaskPassword" time="0.039" errors="0" timestamp="2020-09-09T23:17:02 IST" skipped="0">
  <testcase classname="nip.TestMaskPassword" name="testPasswordJson" time="0.035"/>
  <system-out/>
  <testcase classname="nip.TestMaskPassword" name="testPasswordPlusJson" time="0.001"/>
  <system-out/>
  <testcase classname="nip.TestMaskPassword" name="testNonPasswordJson" time="0.002"/>
  <system-out/>
  <testcase classname="nip.TestMaskPassword" name="testNullJson" time="0.001"/>
  <system-out/>
</testsuite> <!-- nip.TestMaskPassword -->
